# JRE version: OpenJDK Runtime Environment (8.0_352-b08) (build 1.8.0_352-b08)
# Java VM: OpenJDK 64-Bit Server VM (25.352-b08 mixed mode windows-amd64 compressed oops)
Heap:
 PSYoungGen      total 140800K, used 74031K [0x000000076b580000, 0x0000000774980000, 0x00000007c0000000)
  eden space 130048K, 48% used [0x000000076b580000,0x000000076f34df70,0x0000000773480000)
  from space 10752K, 99% used [0x0000000773f00000,0x000000077497e010,0x0000000774980000)
  to   space 10752K, 0% used [0x0000000773480000,0x0000000773480000,0x0000000773f00000)
 ParOldGen       total 173568K, used 2173K [0x00000006c2000000, 0x00000006cc980000, 0x000000076b580000)
  object space 173568K, 1% used [0x00000006c2000000,0x00000006c221f4d8,0x00000006cc980000)
 Metaspace       used 16354K, capacity 16710K, committed 17024K, reserved 1064960K
  class space    used 1945K, capacity 2052K, committed 2176K, reserved 1048576K
GC Heap History (4 events):
Event: 10.593 GC heap before
{Heap before GC invocations=1 (full 0):
 PSYoungGen      total 75776K, used 65024K [0x000000076b580000, 0x0000000770a00000, 0x00000007c0000000)
  eden space 65024K, 100% used [0x000000076b580000,0x000000076f500000,0x000000076f500000)
  from space 10752K, 0% used [0x000000076ff80000,0x000000076ff80000,0x0000000770a00000)
  to   space 10752K, 0% used [0x000000076f500000,0x000000076f500000,0x000000076ff80000)
 ParOldGen       total 173568K, used 0K [0x00000006c2000000, 0x00000006cc980000, 0x000000076b580000)
  object space 173568K, 0% used [0x00000006c2000000,0x00000006c2000000,0x00000006cc980000)
 Metaspace       used 11902K, capacity 12148K, committed 12288K, reserved 1060864K
  class space    used 1442K, capacity 1513K, committed 1536K, reserved 1048576K
Event: 11.284 GC heap after
Heap after GC invocations=1 (full 0):
 PSYoungGen      total 75776K, used 9910K [0x000000076b580000, 0x0000000774980000, 0x00000007c0000000)
  eden space 65024K, 0% used [0x000000076b580000,0x000000076b580000,0x000000076f500000)
  from space 10752K, 92% used [0x000000076f500000,0x000000076fead800,0x000000076ff80000)
  to   space 10752K, 0% used [0x0000000773f00000,0x0000000773f00000,0x0000000774980000)
 ParOldGen       total 173568K, used 16K [0x00000006c2000000, 0x00000006cc980000, 0x000000076b580000)
  object space 173568K, 0% used [0x00000006c2000000,0x00000006c2004000,0x00000006cc980000)
 Metaspace       used 11902K, capacity 12148K, committed 12288K, reserved 1060864K
  class space    used 1442K, capacity 1513K, committed 1536K, reserved 1048576K
}
Event: 19.056 GC heap before
{Heap before GC invocations=2 (full 0):
 PSYoungGen      total 75776K, used 74934K [0x000000076b580000, 0x0000000774980000, 0x00000007c0000000)
  eden space 65024K, 100% used [0x000000076b580000,0x000000076f500000,0x000000076f500000)
  from space 10752K, 92% used [0x000000076f500000,0x000000076fead800,0x000000076ff80000)
  to   space 10752K, 0% used [0x0000000773f00000,0x0000000773f00000,0x0000000774980000)
 ParOldGen       total 173568K, used 16K [0x00000006c2000000, 0x00000006cc980000, 0x000000076b580000)
  object space 173568K, 0% used [0x00000006c2000000,0x00000006c2004000,0x00000006cc980000)
 Metaspace       used 15505K, capacity 15758K, committed 16128K, reserved 1062912K
  class space    used 1864K, capacity 1948K, committed 2048K, reserved 1048576K
Event: 19.511 GC heap after
Heap after GC invocations=2 (full 0):
 PSYoungGen      total 140800K, used 10744K [0x000000076b580000, 0x0000000774980000, 0x00000007c0000000)
  eden space 130048K, 0% used [0x000000076b580000,0x000000076b580000,0x0000000773480000)
  from space 10752K, 99% used [0x0000000773f00000,0x000000077497e010,0x0000000774980000)
  to   space 10752K, 0% used [0x0000000773480000,0x0000000773480000,0x0000000773f00000)
 ParOldGen       total 173568K, used 2173K [0x00000006c2000000, 0x00000006cc980000, 0x000000076b580000)
  object space 173568K, 1% used [0x00000006c2000000,0x00000006c221f4d8,0x00000006cc980000)
 Metaspace       used 15505K, capacity 15758K, committed 16128K, reserved 1062912K
  class space    used 1864K, capacity 1948K, committed 2048K, reserved 1048576K
}

